<?xml version="1.0" encoding="UTF-8"?>
<testng-results ignored="0" total="1" passed="1" failed="0" skipped="0">
  <reporter-output>
  </reporter-output>
  <suite started-at="2026-05-11T21:23:45 IST" name="Suite" finished-at="2026-05-11T21:23:45 IST" duration-ms="61">
    <groups>
    </groups>
    <test started-at="2026-05-11T21:23:45 IST" name="Test" finished-at="2026-05-11T21:23:45 IST" duration-ms="61">
      <class name="testngday3.A">
        <test-method signature="OpenPage(java.lang.String,java.lang.String)[pri:0, instance:testngday3.A@5824a83d]" started-at="2026-05-11T21:23:45 IST" name="OpenPage" finished-at="2026-05-11T21:23:45 IST" duration-ms="7" status="PASS">
          <params>
            <param index="0">
              <value>
                <![CDATA[gargi]]>
              </value>
            </param>
            <param index="1">
              <value>
                <![CDATA[gargi@123]]>
              </value>
            </param>
          </params>
          <reporter-output>
          </reporter-output>
        </test-method> <!-- OpenPage -->
      </class> <!-- testngday3.A -->
    </test> <!-- Test -->
  </suite> <!-- Suite -->
</testng-results>
